0 info it worked if it ends with ok
1 verbose cli [ 'C:\\Program Files\\nodejs\\node.exe',
1 verbose cli   'C:\\Program Files\\nodejs\\node_modules\\npm\\bin\\npm-cli.js',
1 verbose cli   'start' ]
2 info using npm@3.10.10
3 info using node@v6.11.3
4 verbose run-script [ 'prestart', 'start', 'poststart' ]
5 info lifecycle deazzle_insights@0.0.1~prestart: deazzle_insights@0.0.1
6 silly lifecycle deazzle_insights@0.0.1~prestart: no script for prestart, continuing
7 info lifecycle deazzle_insights@0.0.1~start: deazzle_insights@0.0.1
8 verbose lifecycle deazzle_insights@0.0.1~start: unsafe-perm in lifecycle true
9 verbose lifecycle deazzle_insights@0.0.1~start: PATH: C:\Program Files\nodejs\node_modules\npm\bin\node-gyp-bin;C:\ubot\botu\node_modules\.bin;C:\ProgramData\Oracle\Java\javapath;C:\Windows\system32;C:\Windows;C:\Windows\System32\Wbem;C:\Windows\System32\WindowsPowerShell\v1.0\;C:\Program Files\Intel\WiFi\bin\;C:\Program Files\Common Files\Intel\WirelessCommon\;C:\Program Files (x86)\Intel\OpenCL SDK\2.0\bin\x86;C:\Program Files (x86)\Intel\OpenCL SDK\2.0\bin\x64;C:\Program Files\Java\jdk1.8.0_101\bin;C:\Program Files (x86)\Git\cmd;C:\Program Files\nodejs\;C:\Program Files\MySQL\MySQL Server 5.5\bin;C:\MinGW/bin;C:\Users\Venom\AppData\Roaming\npm
10 verbose lifecycle deazzle_insights@0.0.1~start: CWD: C:\ubot\botu
11 silly lifecycle deazzle_insights@0.0.1~start: Args: [ '/d /s /c', 'nodemon server.js' ]
12 silly lifecycle deazzle_insights@0.0.1~start: Returned: code: 1  signal: null
13 info lifecycle deazzle_insights@0.0.1~start: Failed to exec start script
14 verbose stack Error: deazzle_insights@0.0.1 start: `nodemon server.js`
14 verbose stack Exit status 1
14 verbose stack     at EventEmitter.<anonymous> (C:\Program Files\nodejs\node_modules\npm\lib\utils\lifecycle.js:255:16)
14 verbose stack     at emitTwo (events.js:106:13)
14 verbose stack     at EventEmitter.emit (events.js:191:7)
14 verbose stack     at ChildProcess.<anonymous> (C:\Program Files\nodejs\node_modules\npm\lib\utils\spawn.js:40:14)
14 verbose stack     at emitTwo (events.js:106:13)
14 verbose stack     at ChildProcess.emit (events.js:191:7)
14 verbose stack     at maybeClose (internal/child_process.js:920:16)
14 verbose stack     at Process.ChildProcess._handle.onexit (internal/child_process.js:230:5)
15 verbose pkgid deazzle_insights@0.0.1
16 verbose cwd C:\ubot\botu
17 error Windows_NT 6.1.7600
18 error argv "C:\\Program Files\\nodejs\\node.exe" "C:\\Program Files\\nodejs\\node_modules\\npm\\bin\\npm-cli.js" "start"
19 error node v6.11.3
20 error npm  v3.10.10
21 error code ELIFECYCLE
22 error deazzle_insights@0.0.1 start: `nodemon server.js`
22 error Exit status 1
23 error Failed at the deazzle_insights@0.0.1 start script 'nodemon server.js'.
23 error Make sure you have the latest version of node.js and npm installed.
23 error If you do, this is most likely a problem with the deazzle_insights package,
23 error not with npm itself.
23 error Tell the author that this fails on your system:
23 error     nodemon server.js
23 error You can get information on how to open an issue for this project with:
23 error     npm bugs deazzle_insights
23 error Or if that isn't available, you can get their info via:
23 error     npm owner ls deazzle_insights
23 error There is likely additional logging output above.
24 verbose exit [ 1, true ]
